# JRE version: OpenJDK Runtime Environment (8.0_152-b01) (build 1.8.0_152-release-1343-b01)
# Java VM: OpenJDK 64-Bit Server VM (25.152-b01 mixed mode windows-amd64 compressed oops)
Heap:
 PSYoungGen      total 159232K, used 6976K [0x00000000e0000000, 0x00000000eb600000, 0x0000000100000000)
  eden space 140288K, 0% used [0x00000000e0000000,0x00000000e0000000,0x00000000e8900000)
  from space 18944K, 36% used [0x00000000ea380000,0x00000000eaa50090,0x00000000eb600000)
  to   space 23040K, 0% used [0x00000000e8900000,0x00000000e8900000,0x00000000e9f80000)
 ParOldGen       total 130048K, used 60169K [0x00000000a0000000, 0x00000000a7f00000, 0x00000000e0000000)
  object space 130048K, 46% used [0x00000000a0000000,0x00000000a3ac25e8,0x00000000a7f00000)
 Metaspace       used 94315K, capacity 98476K, committed 98584K, reserved 1134592K
  class space    used 11938K, capacity 12723K, committed 12824K, reserved 1048576K
GC Heap History (10 events):
Event: 3195.755 GC heap after
Heap after GC invocations=21 (full 3):
 PSYoungGen      total 177664K, used 13761K [0x00000000e0000000, 0x00000000ecc80000, 0x0000000100000000)
  eden space 158208K, 0% used [0x00000000e0000000,0x00000000e0000000,0x00000000e9a80000)
  from space 19456K, 70% used [0x00000000eb980000,0x00000000ec6f0520,0x00000000ecc80000)
  to   space 25600K, 0% used [0x00000000e9a80000,0x00000000e9a80000,0x00000000eb380000)
 ParOldGen       total 130048K, used 60129K [0x00000000a0000000, 0x00000000a7f00000, 0x00000000e0000000)
  object space 130048K, 46% used [0x00000000a0000000,0x00000000a3ab85e8,0x00000000a7f00000)
 Metaspace       used 92823K, capacity 96790K, committed 96920K, reserved 1134592K
  class space    used 11888K, capacity 12636K, committed 12696K, reserved 1048576K
}
Event: 5494.065 GC heap before
{Heap before GC invocations=22 (full 3):
 PSYoungGen      total 177664K, used 171969K [0x00000000e0000000, 0x00000000ecc80000, 0x0000000100000000)
  eden space 158208K, 100% used [0x00000000e0000000,0x00000000e9a80000,0x00000000e9a80000)
  from space 19456K, 70% used [0x00000000eb980000,0x00000000ec6f0520,0x00000000ecc80000)
  to   space 25600K, 0% used [0x00000000e9a80000,0x00000000e9a80000,0x00000000eb380000)
 ParOldGen       total 130048K, used 60129K [0x00000000a0000000, 0x00000000a7f00000, 0x00000000e0000000)
  object space 130048K, 46% used [0x00000000a0000000,0x00000000a3ab85e8,0x00000000a7f00000)
 Metaspace       used 93316K, capacity 97262K, committed 97432K, reserved 1134592K
  class space    used 11896K, capacity 12648K, committed 12696K, reserved 1048576K
Event: 5494.117 GC heap after
Heap after GC invocations=22 (full 3):
 PSYoungGen      total 162816K, used 8856K [0x00000000e0000000, 0x00000000ec700000, 0x0000000100000000)
  eden space 153600K, 0% used [0x00000000e0000000,0x00000000e0000000,0x00000000e9600000)
  from space 9216K, 96% used [0x00000000e9a80000,0x00000000ea326128,0x00000000ea380000)
  to   space 25088K, 0% used [0x00000000eae80000,0x00000000eae80000,0x00000000ec700000)
 ParOldGen       total 130048K, used 60145K [0x00000000a0000000, 0x00000000a7f00000, 0x00000000e0000000)
  object space 130048K, 46% used [0x00000000a0000000,0x00000000a3abc5e8,0x00000000a7f00000)
 Metaspace       used 93316K, capacity 97262K, committed 97432K, reserved 1134592K
  class space    used 11896K, capacity 12648K, committed 12696K, reserved 1048576K
}
Event: 5498.406 GC heap before
{Heap before GC invocations=23 (full 3):
 PSYoungGen      total 162816K, used 162456K [0x00000000e0000000, 0x00000000ec700000, 0x0000000100000000)
  eden space 153600K, 100% used [0x00000000e0000000,0x00000000e9600000,0x00000000e9600000)
  from space 9216K, 96% used [0x00000000e9a80000,0x00000000ea326128,0x00000000ea380000)
  to   space 25088K, 0% used [0x00000000eae80000,0x00000000eae80000,0x00000000ec700000)
 ParOldGen       total 130048K, used 60145K [0x00000000a0000000, 0x00000000a7f00000, 0x00000000e0000000)
  object space 130048K, 46% used [0x00000000a0000000,0x00000000a3abc5e8,0x00000000a7f00000)
 Metaspace       used 93543K, capacity 97522K, committed 97688K, reserved 1134592K
  class space    used 11897K, capacity 12648K, committed 12696K, reserved 1048576K
Event: 5498.432 GC heap after
Heap after GC invocations=23 (full 3):
 PSYoungGen      total 167424K, used 13681K [0x00000000e0000000, 0x00000000ec080000, 0x0000000100000000)
  eden space 148992K, 0% used [0x00000000e0000000,0x00000000e0000000,0x00000000e9180000)
  from space 18432K, 74% used [0x00000000eae80000,0x00000000ebbdc580,0x00000000ec080000)
  to   space 24064K, 0% used [0x00000000e9180000,0x00000000e9180000,0x00000000ea900000)
 ParOldGen       total 130048K, used 60153K [0x00000000a0000000, 0x00000000a7f00000, 0x00000000e0000000)
  object space 130048K, 46% used [0x00000000a0000000,0x00000000a3abe5e8,0x00000000a7f00000)
 Metaspace       used 93543K, capacity 97522K, committed 97688K, reserved 1134592K
  class space    used 11897K, capacity 12648K, committed 12696K, reserved 1048576K
}
Event: 5500.209 GC heap before
{Heap before GC invocations=24 (full 3):
 PSYoungGen      total 167424K, used 162624K [0x00000000e0000000, 0x00000000ec080000, 0x0000000100000000)
  eden space 148992K, 99% used [0x00000000e0000000,0x00000000e9173cc0,0x00000000e9180000)
  from space 18432K, 74% used [0x00000000eae80000,0x00000000ebbdc580,0x00000000ec080000)
  to   space 24064K, 0% used [0x00000000e9180000,0x00000000e9180000,0x00000000ea900000)
 ParOldGen       total 130048K, used 60153K [0x00000000a0000000, 0x00000000a7f00000, 0x00000000e0000000)
  object space 130048K, 46% used [0x00000000a0000000,0x00000000a3abe5e8,0x00000000a7f00000)
 Metaspace       used 93900K, capacity 97892K, committed 97944K, reserved 1134592K
  class space    used 11898K, capacity 12649K, committed 12696K, reserved 1048576K
Event: 5500.222 GC heap after
Heap after GC invocations=24 (full 3):
 PSYoungGen      total 156160K, used 11383K [0x00000000e0000000, 0x00000000eba00000, 0x0000000100000000)
  eden space 144384K, 0% used [0x00000000e0000000,0x00000000e0000000,0x00000000e8d00000)
  from space 11776K, 96% used [0x00000000e9180000,0x00000000e9c9dde0,0x00000000e9d00000)
  to   space 23040K, 0% used [0x00000000ea380000,0x00000000ea380000,0x00000000eba00000)
 ParOldGen       total 130048K, used 60161K [0x00000000a0000000, 0x00000000a7f00000, 0x00000000e0000000)
  object space 130048K, 46% used [0x00000000a0000000,0x00000000a3ac05e8,0x00000000a7f00000)
 Metaspace       used 93900K, capacity 97892K, committed 97944K, reserved 1134592K
  class space    used 11898K, capacity 12649K, committed 12696K, reserved 1048576K
}
Event: 5745.130 GC heap before
{Heap before GC invocations=25 (full 3):
 PSYoungGen      total 156160K, used 69124K [0x00000000e0000000, 0x00000000eba00000, 0x0000000100000000)
  eden space 144384K, 39% used [0x00000000e0000000,0x00000000e38634d8,0x00000000e8d00000)
  from space 11776K, 96% used [0x00000000e9180000,0x00000000e9c9dde0,0x00000000e9d00000)
  to   space 23040K, 0% used [0x00000000ea380000,0x00000000ea380000,0x00000000eba00000)
 ParOldGen       total 130048K, used 60161K [0x00000000a0000000, 0x00000000a7f00000, 0x00000000e0000000)
  object space 130048K, 46% used [0x00000000a0000000,0x00000000a3ac05e8,0x00000000a7f00000)
 Metaspace       used 94315K, capacity 98476K, committed 98584K, reserved 1134592K
  class space    used 11938K, capacity 12723K, committed 12824K, reserved 1048576K
Event: 5745.146 GC heap after
Heap after GC invocations=25 (full 3):
 PSYoungGen      total 159232K, used 6976K [0x00000000e0000000, 0x00000000eb600000, 0x0000000100000000)
  eden space 140288K, 0% used [0x00000000e0000000,0x00000000e0000000,0x00000000e8900000)
  from space 18944K, 36% used [0x00000000ea380000,0x00000000eaa50090,0x00000000eb600000)
  to   space 23040K, 0% used [0x00000000e8900000,0x00000000e8900000,0x00000000e9f80000)
 ParOldGen       total 130048K, used 60169K [0x00000000a0000000, 0x00000000a7f00000, 0x00000000e0000000)
  object space 130048K, 46% used [0x00000000a0000000,0x00000000a3ac25e8,0x00000000a7f00000)
 Metaspace       used 94315K, capacity 98476K, committed 98584K, reserved 1134592K
  class space    used 11938K, capacity 12723K, committed 12824K, reserved 1048576K
}
Event: 5745.147 GC heap before
{Heap before GC invocations=26 (full 4):
 PSYoungGen      total 159232K, used 6976K [0x00000000e0000000, 0x00000000eb600000, 0x0000000100000000)
  eden space 140288K, 0% used [0x00000000e0000000,0x00000000e0000000,0x00000000e8900000)
  from space 18944K, 36% used [0x00000000ea380000,0x00000000eaa50090,0x00000000eb600000)
  to   space 23040K, 0% used [0x00000000e8900000,0x00000000e8900000,0x00000000e9f80000)
 ParOldGen       total 130048K, used 60169K [0x00000000a0000000, 0x00000000a7f00000, 0x00000000e0000000)
  object space 130048K, 46% used [0x00000000a0000000,0x00000000a3ac25e8,0x00000000a7f00000)
 Metaspace       used 94315K, capacity 98476K, committed 98584K, reserved 1134592K
  class space    used 11938K, capacity 12723K, committed 12824K, reserved 1048576K

